2022-12-11 01:16:46,609 [INFO] dal.csci5308.project.group15.elearning.AuraApplication [restartedMain] Starting AuraApplication using Java 17.0.4.1 on Utsav with PID 29596 (C:\Users\singh\OneDrive\Desktop\MACS\5308 Adv. SD\Group Project\createAssignmentFeatureBranch\group-15\build\classes\java\main started by singh in C:\Users\singh\OneDrive\Desktop\MACS\5308 Adv. SD\Group Project\createAssignmentFeatureBranch\group-15)
2022-12-11 01:16:46,619 [DEBUG] dal.csci5308.project.group15.elearning.AuraApplication [restartedMain] Running with Spring Boot v2.7.4, Spring v5.3.23
2022-12-11 01:16:46,624 [INFO] dal.csci5308.project.group15.elearning.AuraApplication [restartedMain] No active profile set, falling back to 1 default profile: "default"
2022-12-11 01:16:46,696 [INFO] org.springframework.boot.devtools.env.DevToolsPropertyDefaultsPostProcessor [restartedMain] Devtools property defaults active! Set 'spring.devtools.add-properties' to 'false' to disable
2022-12-11 01:16:46,696 [INFO] org.springframework.boot.devtools.env.DevToolsPropertyDefaultsPostProcessor [restartedMain] For additional web related logging consider setting the 'logging.level.web' property to 'DEBUG'
2022-12-11 01:16:48,175 [INFO] org.springframework.boot.web.embedded.tomcat.TomcatWebServer [restartedMain] Tomcat initialized with port(s): 8080 (http)
2022-12-11 01:16:48,188 [INFO] org.apache.catalina.core.StandardService [restartedMain] Starting service [Tomcat]
2022-12-11 01:16:48,188 [INFO] org.apache.catalina.core.StandardEngine [restartedMain] Starting Servlet engine: [Apache Tomcat/9.0.65]
2022-12-11 01:16:48,296 [INFO] org.apache.catalina.core.ContainerBase.[Tomcat].[localhost].[/] [restartedMain] Initializing Spring embedded WebApplicationContext
2022-12-11 01:16:48,296 [INFO] org.springframework.boot.web.servlet.context.ServletWebServerApplicationContext [restartedMain] Root WebApplicationContext: initialization completed in 1599 ms
2022-12-11 01:16:48,648 [INFO] org.springframework.security.web.DefaultSecurityFilterChain [restartedMain] Will secure any request with [org.springframework.security.web.session.DisableEncodeUrlFilter@61b18749, org.springframework.security.web.context.request.async.WebAsyncManagerIntegrationFilter@71156d68, org.springframework.security.web.context.SecurityContextPersistenceFilter@2f808a4d, org.springframework.security.web.header.HeaderWriterFilter@2a536fcf, org.springframework.security.web.csrf.CsrfFilter@3d667ccc, org.springframework.security.web.authentication.logout.LogoutFilter@5152c377, org.springframework.security.web.authentication.UsernamePasswordAuthenticationFilter@436f16be, org.springframework.security.web.authentication.ui.DefaultLoginPageGeneratingFilter@45bd1667, org.springframework.security.web.authentication.ui.DefaultLogoutPageGeneratingFilter@275318c1, org.springframework.security.web.savedrequest.RequestCacheAwareFilter@4398d594, org.springframework.security.web.servletapi.SecurityContextHolderAwareRequestFilter@7b4cb868, org.springframework.security.web.authentication.AnonymousAuthenticationFilter@43ad58e4, org.springframework.security.web.session.SessionManagementFilter@4eafa4f2, org.springframework.security.web.access.ExceptionTranslationFilter@f5a9679, org.springframework.security.web.access.intercept.FilterSecurityInterceptor@68eebd7b]
2022-12-11 01:16:49,097 [INFO] org.springframework.boot.devtools.autoconfigure.OptionalLiveReloadServer [restartedMain] LiveReload server is running on port 35729
2022-12-11 01:16:49,142 [INFO] org.springframework.boot.web.embedded.tomcat.TomcatWebServer [restartedMain] Tomcat started on port(s): 8080 (http) with context path ''
2022-12-11 01:16:49,156 [INFO] dal.csci5308.project.group15.elearning.AuraApplication [restartedMain] Started AuraApplication in 3.075 seconds (JVM running for 3.492)
2022-12-11 01:16:58,991 [INFO] org.apache.catalina.core.ContainerBase.[Tomcat].[localhost].[/] [http-nio-8080-exec-1] Initializing Spring DispatcherServlet 'dispatcherServlet'
2022-12-11 01:16:58,991 [INFO] org.springframework.web.servlet.DispatcherServlet [http-nio-8080-exec-1] Initializing Servlet 'dispatcherServlet'
2022-12-11 01:16:58,994 [INFO] org.springframework.web.servlet.DispatcherServlet [http-nio-8080-exec-1] Completed initialization in 3 ms
2022-12-11 01:30:16,140 [INFO] dal.csci5308.project.group15.elearning.AuraApplication [restartedMain] Starting AuraApplication using Java 17.0.4.1 on Utsav with PID 10988 (C:\Users\singh\OneDrive\Desktop\MACS\5308 Adv. SD\Group Project\createAssignmentFeatureBranch\group-15\build\classes\java\main started by singh in C:\Users\singh\OneDrive\Desktop\MACS\5308 Adv. SD\Group Project\createAssignmentFeatureBranch\group-15)
2022-12-11 01:30:16,141 [DEBUG] dal.csci5308.project.group15.elearning.AuraApplication [restartedMain] Running with Spring Boot v2.7.4, Spring v5.3.23
2022-12-11 01:30:16,141 [INFO] dal.csci5308.project.group15.elearning.AuraApplication [restartedMain] No active profile set, falling back to 1 default profile: "default"
2022-12-11 01:30:16,197 [INFO] org.springframework.boot.devtools.env.DevToolsPropertyDefaultsPostProcessor [restartedMain] Devtools property defaults active! Set 'spring.devtools.add-properties' to 'false' to disable
2022-12-11 01:30:16,197 [INFO] org.springframework.boot.devtools.env.DevToolsPropertyDefaultsPostProcessor [restartedMain] For additional web related logging consider setting the 'logging.level.web' property to 'DEBUG'
2022-12-11 01:30:17,439 [INFO] org.springframework.boot.web.embedded.tomcat.TomcatWebServer [restartedMain] Tomcat initialized with port(s): 8080 (http)
2022-12-11 01:30:17,453 [INFO] org.apache.catalina.core.StandardService [restartedMain] Starting service [Tomcat]
2022-12-11 01:30:17,453 [INFO] org.apache.catalina.core.StandardEngine [restartedMain] Starting Servlet engine: [Apache Tomcat/9.0.65]
2022-12-11 01:30:17,553 [INFO] org.apache.catalina.core.ContainerBase.[Tomcat].[localhost].[/] [restartedMain] Initializing Spring embedded WebApplicationContext
2022-12-11 01:30:17,554 [INFO] org.springframework.boot.web.servlet.context.ServletWebServerApplicationContext [restartedMain] Root WebApplicationContext: initialization completed in 1355 ms
2022-12-11 01:30:17,911 [INFO] org.springframework.security.web.DefaultSecurityFilterChain [restartedMain] Will secure any request with [org.springframework.security.web.session.DisableEncodeUrlFilter@24fe6a8a, org.springframework.security.web.context.request.async.WebAsyncManagerIntegrationFilter@5def8f4c, org.springframework.security.web.context.SecurityContextPersistenceFilter@4e375b3, org.springframework.security.web.header.HeaderWriterFilter@cc1cf0d, org.springframework.security.web.csrf.CsrfFilter@751740e2, org.springframework.security.web.authentication.logout.LogoutFilter@52ebb7c7, org.springframework.security.web.authentication.UsernamePasswordAuthenticationFilter@68b83418, org.springframework.security.web.authentication.ui.DefaultLoginPageGeneratingFilter@537c984a, org.springframework.security.web.authentication.ui.DefaultLogoutPageGeneratingFilter@3a628731, org.springframework.security.web.savedrequest.RequestCacheAwareFilter@2c6a738, org.springframework.security.web.servletapi.SecurityContextHolderAwareRequestFilter@e9fb05a, org.springframework.security.web.authentication.AnonymousAuthenticationFilter@7b65cc6e, org.springframework.security.web.session.SessionManagementFilter@299215c6, org.springframework.security.web.access.ExceptionTranslationFilter@52a16814, org.springframework.security.web.access.intercept.FilterSecurityInterceptor@53ee37dd]
2022-12-11 01:30:18,346 [INFO] org.springframework.boot.devtools.autoconfigure.OptionalLiveReloadServer [restartedMain] LiveReload server is running on port 35729
2022-12-11 01:30:18,385 [INFO] org.springframework.boot.web.embedded.tomcat.TomcatWebServer [restartedMain] Tomcat started on port(s): 8080 (http) with context path ''
2022-12-11 01:30:18,399 [INFO] dal.csci5308.project.group15.elearning.AuraApplication [restartedMain] Started AuraApplication in 2.666 seconds (JVM running for 3.088)
2022-12-11 01:30:39,987 [INFO] org.apache.catalina.core.ContainerBase.[Tomcat].[localhost].[/] [http-nio-8080-exec-1] Initializing Spring DispatcherServlet 'dispatcherServlet'
2022-12-11 01:30:39,987 [INFO] org.springframework.web.servlet.DispatcherServlet [http-nio-8080-exec-1] Initializing Servlet 'dispatcherServlet'
2022-12-11 01:30:39,988 [INFO] org.springframework.web.servlet.DispatcherServlet [http-nio-8080-exec-1] Completed initialization in 0 ms
2022-12-11 01:32:21,810 [INFO] org.springframework.boot.devtools.autoconfigure.LocalDevToolsAutoConfiguration$RestartingClassPathChangeChangedEventListener [File Watcher] Restarting due to 52 class path changes (0 additions, 0 deletions, 52 modifications)
2022-12-11 01:32:21,821 [INFO] org.apache.catalina.core.StandardService [Thread-5] Stopping service [Tomcat]
2022-12-11 01:32:21,822 [INFO] org.apache.catalina.core.ContainerBase.[Tomcat].[localhost].[/] [Thread-5] Destroying Spring FrameworkServlet 'dispatcherServlet'
2022-12-11 01:32:21,916 [INFO] dal.csci5308.project.group15.elearning.AuraApplication [restartedMain] Starting AuraApplication using Java 17.0.4.1 on Utsav with PID 10988 (C:\Users\singh\OneDrive\Desktop\MACS\5308 Adv. SD\Group Project\createAssignmentFeatureBranch\group-15\build\classes\java\main started by singh in C:\Users\singh\OneDrive\Desktop\MACS\5308 Adv. SD\Group Project\createAssignmentFeatureBranch\group-15)
2022-12-11 01:32:21,916 [DEBUG] dal.csci5308.project.group15.elearning.AuraApplication [restartedMain] Running with Spring Boot v2.7.4, Spring v5.3.23
2022-12-11 01:32:21,916 [INFO] dal.csci5308.project.group15.elearning.AuraApplication [restartedMain] No active profile set, falling back to 1 default profile: "default"
2022-12-11 01:32:22,460 [INFO] org.springframework.boot.web.embedded.tomcat.TomcatWebServer [restartedMain] Tomcat initialized with port(s): 8080 (http)
2022-12-11 01:32:22,462 [INFO] org.apache.catalina.core.StandardService [restartedMain] Starting service [Tomcat]
2022-12-11 01:32:22,462 [INFO] org.apache.catalina.core.StandardEngine [restartedMain] Starting Servlet engine: [Apache Tomcat/9.0.65]
2022-12-11 01:32:22,493 [INFO] org.apache.catalina.core.ContainerBase.[Tomcat].[localhost].[/] [restartedMain] Initializing Spring embedded WebApplicationContext
2022-12-11 01:32:22,493 [INFO] org.springframework.boot.web.servlet.context.ServletWebServerApplicationContext [restartedMain] Root WebApplicationContext: initialization completed in 574 ms
2022-12-11 01:32:22,600 [INFO] org.springframework.security.web.DefaultSecurityFilterChain [restartedMain] Will secure any request with [org.springframework.security.web.session.DisableEncodeUrlFilter@4b8754d8, org.springframework.security.web.context.request.async.WebAsyncManagerIntegrationFilter@738a0d3c, org.springframework.security.web.context.SecurityContextPersistenceFilter@66d2193, org.springframework.security.web.header.HeaderWriterFilter@4ed1b116, org.springframework.security.web.csrf.CsrfFilter@100811c, org.springframework.security.web.authentication.logout.LogoutFilter@2211464d, org.springframework.security.web.authentication.UsernamePasswordAuthenticationFilter@16c29b95, org.springframework.security.web.authentication.ui.DefaultLoginPageGeneratingFilter@6bde5c77, org.springframework.security.web.authentication.ui.DefaultLogoutPageGeneratingFilter@7477f8f5, org.springframework.security.web.savedrequest.RequestCacheAwareFilter@2961f0d9, org.springframework.security.web.servletapi.SecurityContextHolderAwareRequestFilter@6afbbde2, org.springframework.security.web.authentication.AnonymousAuthenticationFilter@766bcbdd, org.springframework.security.web.session.SessionManagementFilter@3605882, org.springframework.security.web.access.ExceptionTranslationFilter@2970ca65, org.springframework.security.web.access.intercept.FilterSecurityInterceptor@3d3759a9]
2022-12-11 01:32:22,721 [INFO] org.springframework.boot.devtools.autoconfigure.OptionalLiveReloadServer [restartedMain] LiveReload server is running on port 35729
2022-12-11 01:32:22,736 [INFO] org.springframework.boot.web.embedded.tomcat.TomcatWebServer [restartedMain] Tomcat started on port(s): 8080 (http) with context path ''
2022-12-11 01:32:22,739 [INFO] dal.csci5308.project.group15.elearning.AuraApplication [restartedMain] Started AuraApplication in 0.86 seconds (JVM running for 127.428)
2022-12-11 01:32:22,741 [INFO] org.springframework.boot.devtools.autoconfigure.ConditionEvaluationDeltaLoggingListener [restartedMain] Condition evaluation unchanged
